<?xml version="1.0" encoding="UTF-8"?>
<testsuite xmlns:xsi="http://www.w3.org/2001/XMLSchema-instance" xsi:noNamespaceSchemaLocation="https://maven.apache.org/surefire/maven-surefire-plugin/xsd/surefire-test-report-3.0.xsd" version="3.0" name="com.paxaris.product_management_service.controller.RealmProductRoleUrlControllerTest" time="7.403" tests="6" errors="0" skipped="0" failures="0">
  <properties>
[...]
</properties>
  <testcase name="saveOrUpdateWithUriAndHttpMethod" classname="com.paxaris.product_management_service.controller.RealmProductRoleUrlControllerTest" time="7.139">
    <system-err><![CDATA[Mockito is currently self-attaching to enable the inline-mock-maker. This will no longer work in future releases of the JDK. Please add Mockito as an agent to your build as described in Mockito's documentation: https://javadoc.io/doc/org.mockito/mockito-core/latest/org.mockito/org/mockito/Mockito.html#0.3
WARNING: A Java agent has been loaded dynamically (C:\Users\Admin\.m2\repository\net\bytebuddy\byte-buddy-agent\1.17.7\byte-buddy-agent-1.17.7.jar)
WARNING: If a serviceability tool is in use, please run with -XX:+EnableDynamicAgentLoading to hide this warning
WARNING: If a serviceability tool is not in use, please run with -Djdk.instrument.traceUsage for more information
WARNING: Dynamic loading of agents will be disallowed by default in a future release
]]></system-err>
  </testcase>
  <testcase name="saveOrUpdateWithMultipleHttpMethods" classname="com.paxaris.product_management_service.controller.RealmProductRoleUrlControllerTest" time="0.017"/>
  <testcase name="getAllReturnsServiceData" classname="com.paxaris.product_management_service.controller.RealmProductRoleUrlControllerTest" time="0.021"/>
  <testcase name="deleteByIdReturnsNoContent" classname="com.paxaris.product_management_service.controller.RealmProductRoleUrlControllerTest" time="0.008"/>
  <testcase name="saveOrUpdateReturnsOk" classname="com.paxaris.product_management_service.controller.RealmProductRoleUrlControllerTest" time="0.063"/>
  <testcase name="getByIdReturnsRole" classname="com.paxaris.product_management_service.controller.RealmProductRoleUrlControllerTest" time="0.03"/>
</testsuite>