<?xml version="1.0" encoding="UTF-8"?>
<testsuite xmlns:xsi="http://www.w3.org/2001/XMLSchema-instance" xsi:noNamespaceSchemaLocation="https://maven.apache.org/surefire/maven-surefire-plugin/xsd/surefire-test-report-3.0.xsd" version="3.0" name="com.paxaris.product_management_service.ProjectManagerServiceApplicationTests" time="51.797" tests="1" errors="0" skipped="0" failures="0">
  <properties>
[...]
</properties>
  <testcase name="contextLoads" classname="com.paxaris.product_management_service.ProjectManagerServiceApplicationTests" time="0.065">
    <system-out><![CDATA[11:55:35.902 [main] INFO org.springframework.test.context.support.AnnotationConfigContextLoaderUtils -- Could not detect default configuration classes for test class [com.paxaris.product_management_service.ProjectManagerServiceApplicationTests]: ProjectManagerServiceApplicationTests does not declare any static, non-private, non-final, nested classes annotated with @Configuration.
11:55:37.993 [main] INFO org.springframework.boot.test.context.SpringBootTestContextBootstrapper -- Found @SpringBootConfiguration com.paxaris.product_management_service.ProjectManagerService for test class com.paxaris.product_management_service.ProjectManagerServiceApplicationTests

  .   ____          _            __ _ _
 /\\ / ___'_ __ _ _(_)_ __  __ _ \ \ \ \
( ( )\___ | '_ | '_| | '_ \/ _` | \ \ \ \
 \\/  ___)| |_)| | | | | || (_| |  ) ) ) )
  '  |____| .__|_| |_|_| |_\__, | / / / /
 =========|_|==============|___/=/_/_/_/

 :: Spring Boot ::                (v3.5.6)

2026-03-12T11:55:44.106+05:30  INFO [traceId=,spanId=,correlationId=] 21244 --- [project-management-service] [           main] [                                                 ] .p.ProjectManagerServiceApplicationTests : Starting ProjectManagerServiceApplicationTests using Java 21.0.5 with PID 21244 (started by Admin in D:\paxo_base_project\product-management-service)
2026-03-12T11:55:44.139+05:30  INFO [traceId=,spanId=,correlationId=] 21244 --- [project-management-service] [           main] [                                                 ] .p.ProjectManagerServiceApplicationTests : No active profile set, falling back to 1 default profile: "default"
2026-03-12T11:56:01.618+05:30  INFO [traceId=,spanId=,correlationId=] 21244 --- [project-management-service] [           main] [                                                 ] .s.d.r.c.RepositoryConfigurationDelegate : Bootstrapping Spring Data JPA repositories in DEFAULT mode.
2026-03-12T11:56:02.171+05:30  INFO [traceId=,spanId=,correlationId=] 21244 --- [project-management-service] [           main] [                                                 ] .s.d.r.c.RepositoryConfigurationDelegate : Finished Spring Data repository scanning in 470 ms. Found 2 JPA repository interfaces.
2026-03-12T11:56:07.498+05:30  INFO [traceId=,spanId=,correlationId=] 21244 --- [project-management-service] [           main] [                                                 ] o.hibernate.jpa.internal.util.LogHelper  : HHH000204: Processing PersistenceUnitInfo [name: default]
2026-03-12T11:56:07.994+05:30  INFO [traceId=,spanId=,correlationId=] 21244 --- [project-management-service] [           main] [                                                 ] org.hibernate.Version                    : HHH000412: Hibernate ORM core version 6.6.29.Final
2026-03-12T11:56:08.306+05:30  INFO [traceId=,spanId=,correlationId=] 21244 --- [project-management-service] [           main] [                                                 ] o.h.c.internal.RegionFactoryInitiator    : HHH000026: Second-level cache disabled
2026-03-12T11:56:09.092+05:30  INFO [traceId=,spanId=,correlationId=] 21244 --- [project-management-service] [           main] [                                                 ] o.s.o.j.p.SpringPersistenceUnitInfo      : No LoadTimeWeaver setup: ignoring JPA class transformer
2026-03-12T11:56:09.336+05:30  INFO [traceId=,spanId=,correlationId=] 21244 --- [project-management-service] [           main] [                                                 ] com.zaxxer.hikari.HikariDataSource       : HikariPool-1 - Starting...
2026-03-12T11:56:10.459+05:30  INFO [traceId=,spanId=,correlationId=] 21244 --- [project-management-service] [           main] [                                                 ] com.zaxxer.hikari.pool.HikariPool        : HikariPool-1 - Added connection conn0: url=jdbc:h2:mem:testdb user=SA
2026-03-12T11:56:10.465+05:30  INFO [traceId=,spanId=,correlationId=] 21244 --- [project-management-service] [           main] [                                                 ] com.zaxxer.hikari.HikariDataSource       : HikariPool-1 - Start completed.
2026-03-12T11:56:11.220+05:30  INFO [traceId=,spanId=,correlationId=] 21244 --- [project-management-service] [           main] [                                                 ] org.hibernate.orm.connections.pooling    : HHH10001005: Database info:
	Database JDBC URL [Connecting through datasource 'HikariDataSource (HikariPool-1)']
	Database driver: undefined/unknown
	Database version: 2.3.232
	Autocommit mode: undefined/unknown
	Isolation level: undefined/unknown
	Minimum pool size: undefined/unknown
	Maximum pool size: undefined/unknown
2026-03-12T11:56:18.538+05:30  INFO [traceId=,spanId=,correlationId=] 21244 --- [project-management-service] [           main] [                                                 ] o.h.e.t.j.p.i.JtaPlatformInitiator       : HHH000489: No JTA platform available (set 'hibernate.transaction.jta.platform' to enable JTA platform integration)
2026-03-12T11:56:18.605+05:30 DEBUG [traceId=,spanId=,correlationId=] 21244 --- [project-management-service] [           main] [                                                 ] org.hibernate.SQL                        : 
    drop table if exists realm_product_role cascade 
Hibernate: 
    drop table if exists realm_product_role cascade 
2026-03-12T11:56:18.621+05:30 DEBUG [traceId=,spanId=,correlationId=] 21244 --- [project-management-service] [           main] [                                                 ] org.hibernate.SQL                        : 
    drop table if exists realm_product_role_url cascade 
Hibernate: 
    drop table if exists realm_product_role_url cascade 
2026-03-12T11:56:18.645+05:30 DEBUG [traceId=,spanId=,correlationId=] 21244 --- [project-management-service] [           main] [                                                 ] org.hibernate.SQL                        : 
    create table realm_product_role (
        id bigint generated by default as identity,
        product_name varchar(50) not null,
        realm_name varchar(50) not null,
        role_name varchar(50) not null,
        primary key (id)
    )
Hibernate: 
    create table realm_product_role (
        id bigint generated by default as identity,
        product_name varchar(50) not null,
        realm_name varchar(50) not null,
        role_name varchar(50) not null,
        primary key (id)
    )
2026-03-12T11:56:18.685+05:30 DEBUG [traceId=,spanId=,correlationId=] 21244 --- [project-management-service] [           main] [                                                 ] org.hibernate.SQL                        : 
    create table realm_product_role_url (
        id bigint generated by default as identity,
        role_id bigint not null,
        uri varchar(191) not null,
        http_method enum ('DELETE','GET','PATCH','POST','PUT') not null,
        primary key (id)
    )
Hibernate: 
    create table realm_product_role_url (
        id bigint generated by default as identity,
        role_id bigint not null,
        uri varchar(191) not null,
        http_method enum ('DELETE','GET','PATCH','POST','PUT') not null,
        primary key (id)
    )
2026-03-12T11:56:18.689+05:30 DEBUG [traceId=,spanId=,correlationId=] 21244 --- [project-management-service] [           main] [                                                 ] org.hibernate.SQL                        : 
    alter table if exists realm_product_role_url 
       add constraint FKnhkw8d3amyfk38lkw9gnyrxbw 
       foreign key (role_id) 
       references realm_product_role
Hibernate: 
    alter table if exists realm_product_role_url 
       add constraint FKnhkw8d3amyfk38lkw9gnyrxbw 
       foreign key (role_id) 
       references realm_product_role
2026-03-12T11:56:18.753+05:30  INFO [traceId=,spanId=,correlationId=] 21244 --- [project-management-service] [           main] [                                                 ] j.LocalContainerEntityManagerFactoryBean : Initialized JPA EntityManagerFactory for persistence unit 'default'
2026-03-12T11:56:24.799+05:30  INFO [traceId=,spanId=,correlationId=] 21244 --- [project-management-service] [           main] [                                                 ] o.s.b.a.e.web.EndpointLinksResolver      : Exposing 2 endpoints beneath base path '/actuator'
2026-03-12T11:56:25.327+05:30  INFO [traceId=,spanId=,correlationId=] 21244 --- [project-management-service] [           main] [                                                 ] .p.ProjectManagerServiceApplicationTests : Started ProjectManagerServiceApplicationTests in 45.402 seconds (process running for 70.668)
]]></system-out>
  </testcase>
</testsuite>